<?xml version="1.0" encoding="UTF-8"?>
<!-- Generated by org.testng.reporters.JUnitXMLReporter -->
<testsuite ignored="0" hostname="Gana-HP" failures="0" tests="4" name="Surefire test" time="74.791" errors="0" timestamp="2024-07-30T12:24:21 IST">
  <testcase classname="practice.adidasTest" name="adidas" time="5.925"/>
  <testcase classname="practice.crocsTest" name="cros" time="25.411"/>
  <testcase classname="practice.PumaTest" name="puma" time="8.566"/>
  <testcase classname="practice.sparksTest" name="sparks" time="34.836"/>
</testsuite> <!-- Surefire test -->
