<?xml version="1.0" encoding="UTF-8"?>
<!-- Generated by org.testng.reporters.JUnitXMLReporter -->
<testsuite ignored="0" hostname="Gana-HP" failures="0" tests="4" name="Test" time="31.656" errors="0" timestamp="2024-07-30T10:53:32 IST">
  <testcase classname="practice.adidasTest" name="adidas" time="14.04"/>
  <testcase classname="practice.PumaTest" name="puma" time="22.615"/>
  <testcase classname="practice.crocsTest" name="cros" time="30.225"/>
  <testcase classname="practice.sparksTest" name="sparks" time="31.589"/>
</testsuite> <!-- Test -->
