<?xml version="1.0" encoding="UTF-8"?>
<testng-results ignored="0" total="4" passed="4" failed="0" skipped="0">
  <reporter-output>
  </reporter-output>
  <suite started-at="2024-07-30T12:23:07 IST" name="Surefire suite" finished-at="2024-07-30T12:24:21 IST" duration-ms="74791">
    <groups>
    </groups>
    <test started-at="2024-07-30T12:23:07 IST" name="Surefire test" finished-at="2024-07-30T12:24:21 IST" duration-ms="74791">
      <class name="practice.adidasTest">
        <test-method signature="adidas()[pri:0, instance:practice.adidasTest@fdefd3f]" started-at="2024-07-30T12:23:07 IST" name="adidas" finished-at="2024-07-30T12:23:13 IST" duration-ms="5925" status="PASS">
          <reporter-output>
          </reporter-output>
        </test-method> <!-- adidas -->
      </class> <!-- practice.adidasTest -->
      <class name="practice.sparksTest">
        <test-method signature="sparks()[pri:0, instance:practice.sparksTest@7fc229ab]" started-at="2024-07-30T12:23:47 IST" name="sparks" finished-at="2024-07-30T12:24:21 IST" duration-ms="34836" status="PASS">
          <reporter-output>
          </reporter-output>
        </test-method> <!-- sparks -->
      </class> <!-- practice.sparksTest -->
      <class name="practice.PumaTest">
        <test-method signature="puma()[pri:0, instance:practice.PumaTest@6e75aa0d]" started-at="2024-07-30T12:23:38 IST" name="puma" finished-at="2024-07-30T12:23:46 IST" duration-ms="8566" status="PASS">
          <reporter-output>
          </reporter-output>
        </test-method> <!-- puma -->
      </class> <!-- practice.PumaTest -->
      <class name="practice.crocsTest">
        <test-method signature="cros()[pri:0, instance:practice.crocsTest@4387b79e]" started-at="2024-07-30T12:23:13 IST" name="cros" finished-at="2024-07-30T12:23:38 IST" duration-ms="25411" status="PASS">
          <reporter-output>
          </reporter-output>
        </test-method> <!-- cros -->
      </class> <!-- practice.crocsTest -->
    </test> <!-- Surefire test -->
  </suite> <!-- Surefire suite -->
</testng-results>
