<?xml version="1.0" encoding="UTF-8"?>
<testng-results ignored="0" total="4" passed="4" failed="0" skipped="0">
  <reporter-output>
  </reporter-output>
  <suite started-at="2024-07-30T10:53:01 IST" name="Suite" finished-at="2024-07-30T10:53:32 IST" duration-ms="31656">
    <groups>
    </groups>
    <test started-at="2024-07-30T10:53:01 IST" name="Test" finished-at="2024-07-30T10:53:32 IST" duration-ms="31656">
      <class name="practice.adidasTest">
        <test-method signature="adidas()[pri:0, instance:practice.adidasTest@3ce1e309]" started-at="2024-07-30T10:53:01 IST" name="adidas" finished-at="2024-07-30T10:53:15 IST" duration-ms="14040" status="PASS">
          <reporter-output>
          </reporter-output>
        </test-method> <!-- adidas -->
      </class> <!-- practice.adidasTest -->
      <class name="practice.sparksTest">
        <test-method signature="sparks()[pri:0, instance:practice.sparksTest@6c80d78a]" started-at="2024-07-30T10:53:01 IST" name="sparks" finished-at="2024-07-30T10:53:32 IST" duration-ms="31589" status="PASS">
          <reporter-output>
          </reporter-output>
        </test-method> <!-- sparks -->
      </class> <!-- practice.sparksTest -->
      <class name="practice.PumaTest">
        <test-method signature="puma()[pri:0, instance:practice.PumaTest@71809907]" started-at="2024-07-30T10:53:01 IST" name="puma" finished-at="2024-07-30T10:53:23 IST" duration-ms="22615" status="PASS">
          <reporter-output>
          </reporter-output>
        </test-method> <!-- puma -->
      </class> <!-- practice.PumaTest -->
      <class name="practice.crocsTest">
        <test-method signature="cros()[pri:0, instance:practice.crocsTest@6aba2b86]" started-at="2024-07-30T10:53:01 IST" name="cros" finished-at="2024-07-30T10:53:31 IST" duration-ms="30225" status="PASS">
          <reporter-output>
          </reporter-output>
        </test-method> <!-- cros -->
      </class> <!-- practice.crocsTest -->
    </test> <!-- Test -->
  </suite> <!-- Suite -->
</testng-results>
